2026-01-23 01:20:39,194 - INFO - ======================================================================
2026-01-23 01:20:39,195 - INFO - ø™ º ’ºØ¿˙ ∑∂©µ•¡˜ ˝æ›
2026-01-23 01:20:39,195 - INFO - ======================================================================
2026-01-23 01:20:39,195 - INFO -  ±º‰∑∂Œß: 2026-01-16 ÷¡ 2026-01-23
2026-01-23 01:20:39,195 - INFO - Ωª“◊∂‘: BTCUSDT
2026-01-23 01:20:42,091 - INFO - “—ªÒ»° 1000 ± ≥…Ωª£¨◊‹º∆ 1000 ± 
2026-01-23 01:20:45,193 - INFO - “—ªÒ»° 1000 ± ≥…Ωª£¨◊‹º∆ 2000 ± 
2026-01-23 01:20:49,292 - INFO - “—ªÒ»° 1000 ± ≥…Ωª£¨◊‹º∆ 3000 ± 
2026-01-23 01:20:52,372 - INFO - “—ªÒ»° 1000 ± ≥…Ωª£¨◊‹º∆ 4000 ± 
2026-01-23 01:20:55,413 - INFO - “—ªÒ»° 1000 ± ≥…Ωª£¨◊‹º∆ 5000 ± 
2026-01-23 01:20:58,509 - INFO - “—ªÒ»° 1000 ± ≥…Ωª£¨◊‹º∆ 6000 ± 
2026-01-23 01:21:02,384 - INFO - “—ªÒ»° 1000 ± ≥…Ωª£¨◊‹º∆ 7000 ± 
2026-01-23 01:21:06,318 - INFO - “—ªÒ»° 1000 ± ≥…Ωª£¨◊‹º∆ 8000 ± 
2026-01-23 01:21:10,760 - INFO - “—ªÒ»° 1000 ± ≥…Ωª£¨◊‹º∆ 9000 ± 
2026-01-23 01:21:14,057 - INFO - “—ªÒ»° 1000 ± ≥…Ωª£¨◊‹º∆ 10000 ± 
2026-01-23 01:21:17,362 - INFO - “—ªÒ»° 1000 ± ≥…Ωª£¨◊‹º∆ 11000 ± 
2026-01-23 01:21:20,459 - INFO - “—ªÒ»° 1000 ± ≥…Ωª£¨◊‹º∆ 12000 ± 
2026-01-23 01:21:24,260 - INFO - “—ªÒ»° 1000 ± ≥…Ωª£¨◊‹º∆ 13000 ± 
2026-01-23 01:21:27,581 - INFO - “—ªÒ»° 1000 ± ≥…Ωª£¨◊‹º∆ 14000 ± 
2026-01-23 01:21:30,911 - INFO - “—ªÒ»° 1000 ± ≥…Ωª£¨◊‹º∆ 15000 ± 
2026-01-23 01:21:34,132 - INFO - “—ªÒ»° 1000 ± ≥…Ωª£¨◊‹º∆ 16000 ± 
2026-01-23 01:21:37,346 - INFO - “—ªÒ»° 1000 ± ≥…Ωª£¨◊‹º∆ 17000 ± 
2026-01-23 01:21:40,488 - INFO - “—ªÒ»° 1000 ± ≥…Ωª£¨◊‹º∆ 18000 ± 
2026-01-23 01:21:43,599 - INFO - “—ªÒ»° 1000 ± ≥…Ωª£¨◊‹º∆ 19000 ± 
2026-01-23 01:21:46,481 - INFO - “—ªÒ»° 1000 ± ≥…Ωª£¨◊‹º∆ 20000 ± 
2026-01-23 01:21:50,759 - INFO - “—ªÒ»° 1000 ± ≥…Ωª£¨◊‹º∆ 21000 ± 
2026-01-23 01:21:54,496 - INFO - “—ªÒ»° 1000 ± ≥…Ωª£¨◊‹º∆ 22000 ± 
2026-01-23 01:21:57,841 - INFO - “—ªÒ»° 1000 ± ≥…Ωª£¨◊‹º∆ 23000 ± 
2026-01-23 01:22:01,811 - INFO - “—ªÒ»° 1000 ± ≥…Ωª£¨◊‹º∆ 24000 ± 
2026-01-23 01:22:05,679 - INFO - “—ªÒ»° 1000 ± ≥…Ωª£¨◊‹º∆ 25000 ± 
2026-01-23 01:22:09,222 - INFO - “—ªÒ»° 1000 ± ≥…Ωª£¨◊‹º∆ 26000 ± 
2026-01-23 01:22:12,683 - INFO - “—ªÒ»° 1000 ± ≥…Ωª£¨◊‹º∆ 27000 ± 
2026-01-23 01:22:16,018 - INFO - “—ªÒ»° 1000 ± ≥…Ωª£¨◊‹º∆ 28000 ± 
2026-01-23 01:22:20,408 - INFO - “—ªÒ»° 1000 ± ≥…Ωª£¨◊‹º∆ 29000 ± 
2026-01-23 01:22:23,599 - INFO - “—ªÒ»° 1000 ± ≥…Ωª£¨◊‹º∆ 30000 ± 
2026-01-23 01:22:27,004 - INFO - “—ªÒ»° 1000 ± ≥…Ωª£¨◊‹º∆ 31000 ± 
2026-01-23 01:22:30,326 - INFO - “—ªÒ»° 1000 ± ≥…Ωª£¨◊‹º∆ 32000 ± 
2026-01-23 01:22:34,374 - INFO - “—ªÒ»° 1000 ± ≥…Ωª£¨◊‹º∆ 33000 ± 
2026-01-23 01:22:37,885 - INFO - “—ªÒ»° 1000 ± ≥…Ωª£¨◊‹º∆ 34000 ± 
2026-01-23 01:22:40,997 - INFO - “—ªÒ»° 1000 ± ≥…Ωª£¨◊‹º∆ 35000 ± 
2026-01-23 01:22:44,762 - INFO - “—ªÒ»° 1000 ± ≥…Ωª£¨◊‹º∆ 36000 ± 
2026-01-23 01:22:48,883 - INFO - “—ªÒ»° 1000 ± ≥…Ωª£¨◊‹º∆ 37000 ± 
2026-01-23 01:22:52,681 - INFO - “—ªÒ»° 1000 ± ≥…Ωª£¨◊‹º∆ 38000 ± 
2026-01-23 01:22:56,797 - INFO - “—ªÒ»° 1000 ± ≥…Ωª£¨◊‹º∆ 39000 ± 
2026-01-23 01:22:59,980 - INFO - “—ªÒ»° 1000 ± ≥…Ωª£¨◊‹º∆ 40000 ± 
2026-01-23 01:23:03,167 - INFO - “—ªÒ»° 1000 ± ≥…Ωª£¨◊‹º∆ 41000 ± 
2026-01-23 01:23:06,269 - INFO - “—ªÒ»° 1000 ± ≥…Ωª£¨◊‹º∆ 42000 ± 
2026-01-23 01:23:09,402 - INFO - “—ªÒ»° 1000 ± ≥…Ωª£¨◊‹º∆ 43000 ± 
2026-01-23 01:23:12,766 - INFO - “—ªÒ»° 1000 ± ≥…Ωª£¨◊‹º∆ 44000 ± 
2026-01-23 01:23:15,998 - INFO - “—ªÒ»° 1000 ± ≥…Ωª£¨◊‹º∆ 45000 ± 
2026-01-23 01:23:19,143 - INFO - “—ªÒ»° 1000 ± ≥…Ωª£¨◊‹º∆ 46000 ± 
2026-01-23 01:23:22,230 - INFO - “—ªÒ»° 1000 ± ≥…Ωª£¨◊‹º∆ 47000 ± 
2026-01-23 01:23:25,662 - INFO - “—ªÒ»° 1000 ± ≥…Ωª£¨◊‹º∆ 48000 ± 
2026-01-23 01:23:29,089 - INFO - “—ªÒ»° 1000 ± ≥…Ωª£¨◊‹º∆ 49000 ± 
2026-01-23 01:23:33,336 - INFO - “—ªÒ»° 1000 ± ≥…Ωª£¨◊‹º∆ 50000 ± 
2026-01-23 01:23:36,613 - INFO - “—ªÒ»° 1000 ± ≥…Ωª£¨◊‹º∆ 51000 ± 
2026-01-23 01:23:39,730 - INFO - “—ªÒ»° 1000 ± ≥…Ωª£¨◊‹º∆ 52000 ± 
2026-01-23 01:23:42,861 - INFO - “—ªÒ»° 1000 ± ≥…Ωª£¨◊‹º∆ 53000 ± 
2026-01-23 01:23:46,186 - INFO - “—ªÒ»° 1000 ± ≥…Ωª£¨◊‹º∆ 54000 ± 
2026-01-23 01:23:49,517 - INFO - “—ªÒ»° 1000 ± ≥…Ωª£¨◊‹º∆ 55000 ± 
2026-01-23 01:23:52,674 - INFO - “—ªÒ»° 1000 ± ≥…Ωª£¨◊‹º∆ 56000 ± 
2026-01-23 01:23:56,034 - INFO - “—ªÒ»° 1000 ± ≥…Ωª£¨◊‹º∆ 57000 ± 
2026-01-23 01:23:59,138 - INFO - “—ªÒ»° 1000 ± ≥…Ωª£¨◊‹º∆ 58000 ± 
2026-01-23 01:24:02,280 - INFO - “—ªÒ»° 1000 ± ≥…Ωª£¨◊‹º∆ 59000 ± 
2026-01-23 01:24:06,831 - INFO - “—ªÒ»° 1000 ± ≥…Ωª£¨◊‹º∆ 60000 ± 
2026-01-23 01:24:10,086 - INFO - “—ªÒ»° 1000 ± ≥…Ωª£¨◊‹º∆ 61000 ± 
2026-01-23 01:24:13,214 - INFO - “—ªÒ»° 1000 ± ≥…Ωª£¨◊‹º∆ 62000 ± 
2026-01-23 01:24:16,565 - INFO - “—ªÒ»° 1000 ± ≥…Ωª£¨◊‹º∆ 63000 ± 
2026-01-23 01:24:19,682 - INFO - “—ªÒ»° 1000 ± ≥…Ωª£¨◊‹º∆ 64000 ± 
2026-01-23 01:24:23,153 - INFO - “—ªÒ»° 1000 ± ≥…Ωª£¨◊‹º∆ 65000 ± 
2026-01-23 01:24:26,608 - INFO - “—ªÒ»° 1000 ± ≥…Ωª£¨◊‹º∆ 66000 ± 
2026-01-23 01:24:30,741 - INFO - “—ªÒ»° 1000 ± ≥…Ωª£¨◊‹º∆ 67000 ± 
2026-01-23 01:24:34,897 - INFO - “—ªÒ»° 1000 ± ≥…Ωª£¨◊‹º∆ 68000 ± 
2026-01-23 01:24:38,254 - INFO - “—ªÒ»° 1000 ± ≥…Ωª£¨◊‹º∆ 69000 ± 
2026-01-23 01:24:41,389 - INFO - “—ªÒ»° 1000 ± ≥…Ωª£¨◊‹º∆ 70000 ± 
2026-01-23 01:24:44,427 - INFO - “—ªÒ»° 1000 ± ≥…Ωª£¨◊‹º∆ 71000 ± 
2026-01-23 01:24:48,627 - INFO - “—ªÒ»° 1000 ± ≥…Ωª£¨◊‹º∆ 72000 ± 
2026-01-23 01:24:53,318 - INFO - “—ªÒ»° 1000 ± ≥…Ωª£¨◊‹º∆ 73000 ± 
2026-01-23 01:24:57,197 - INFO - “—ªÒ»° 1000 ± ≥…Ωª£¨◊‹º∆ 74000 ± 
2026-01-23 01:25:01,165 - INFO - “—ªÒ»° 1000 ± ≥…Ωª£¨◊‹º∆ 75000 ± 
2026-01-23 01:25:39,871 - INFO - “—ªÒ»° 1000 ± ≥…Ωª£¨◊‹º∆ 76000 ± 
2026-01-23 01:25:42,688 - INFO - “—ªÒ»° 1000 ± ≥…Ωª£¨◊‹º∆ 77000 ± 
2026-01-23 01:25:45,668 - INFO - “—ªÒ»° 1000 ± ≥…Ωª£¨◊‹º∆ 78000 ± 
2026-01-23 01:25:50,103 - INFO - “—ªÒ»° 1000 ± ≥…Ωª£¨◊‹º∆ 79000 ± 
2026-01-23 01:25:54,897 - INFO - “—ªÒ»° 1000 ± ≥…Ωª£¨◊‹º∆ 80000 ± 
2026-01-23 01:25:58,648 - INFO - “—ªÒ»° 1000 ± ≥…Ωª£¨◊‹º∆ 81000 ± 
2026-01-23 01:26:02,928 - INFO - “—ªÒ»° 1000 ± ≥…Ωª£¨◊‹º∆ 82000 ± 
2026-01-23 01:26:06,330 - INFO - “—ªÒ»° 1000 ± ≥…Ωª£¨◊‹º∆ 83000 ± 
2026-01-23 01:26:09,445 - INFO - “—ªÒ»° 1000 ± ≥…Ωª£¨◊‹º∆ 84000 ± 
2026-01-23 01:26:12,794 - INFO - “—ªÒ»° 1000 ± ≥…Ωª£¨◊‹º∆ 85000 ± 
2026-01-23 01:26:15,898 - INFO - “—ªÒ»° 1000 ± ≥…Ωª£¨◊‹º∆ 86000 ± 
2026-01-23 01:26:19,201 - INFO - “—ªÒ»° 1000 ± ≥…Ωª£¨◊‹º∆ 87000 ± 
2026-01-23 01:26:22,480 - INFO - “—ªÒ»° 1000 ± ≥…Ωª£¨◊‹º∆ 88000 ± 
2026-01-23 01:26:25,402 - INFO - “—ªÒ»° 1000 ± ≥…Ωª£¨◊‹º∆ 89000 ± 
2026-01-23 01:26:28,415 - INFO - “—ªÒ»° 1000 ± ≥…Ωª£¨◊‹º∆ 90000 ± 
2026-01-23 01:26:31,496 - INFO - “—ªÒ»° 1000 ± ≥…Ωª£¨◊‹º∆ 91000 ± 
2026-01-23 01:26:34,461 - INFO - “—ªÒ»° 1000 ± ≥…Ωª£¨◊‹º∆ 92000 ± 
2026-01-23 01:26:37,733 - INFO - “—ªÒ»° 1000 ± ≥…Ωª£¨◊‹º∆ 93000 ± 
2026-01-23 01:26:41,076 - INFO - “—ªÒ»° 1000 ± ≥…Ωª£¨◊‹º∆ 94000 ± 
2026-01-23 01:26:44,512 - INFO - “—ªÒ»° 1000 ± ≥…Ωª£¨◊‹º∆ 95000 ± 
2026-01-23 01:26:47,586 - INFO - “—ªÒ»° 1000 ± ≥…Ωª£¨◊‹º∆ 96000 ± 
2026-01-23 01:26:50,838 - INFO - “—ªÒ»° 1000 ± ≥…Ωª£¨◊‹º∆ 97000 ± 
2026-01-23 01:26:53,983 - INFO - “—ªÒ»° 1000 ± ≥…Ωª£¨◊‹º∆ 98000 ± 
2026-01-23 01:26:57,390 - INFO - “—ªÒ»° 1000 ± ≥…Ωª£¨◊‹º∆ 99000 ± 
2026-01-23 01:27:00,522 - INFO - “—ªÒ»° 1000 ± ≥…Ωª£¨◊‹º∆ 100000 ± 
2026-01-23 01:27:03,679 - INFO - “—ªÒ»° 1000 ± ≥…Ωª£¨◊‹º∆ 101000 ± 
2026-01-23 01:27:07,502 - INFO - “—ªÒ»° 1000 ± ≥…Ωª£¨◊‹º∆ 102000 ± 
2026-01-23 01:27:10,917 - INFO - “—ªÒ»° 1000 ± ≥…Ωª£¨◊‹º∆ 103000 ± 
2026-01-23 01:27:14,272 - INFO - “—ªÒ»° 1000 ± ≥…Ωª£¨◊‹º∆ 104000 ± 
2026-01-23 01:27:17,339 - INFO - “—ªÒ»° 1000 ± ≥…Ωª£¨◊‹º∆ 105000 ± 
2026-01-23 01:27:20,615 - INFO - “—ªÒ»° 1000 ± ≥…Ωª£¨◊‹º∆ 106000 ± 
2026-01-23 01:27:23,675 - INFO - “—ªÒ»° 1000 ± ≥…Ωª£¨◊‹º∆ 107000 ± 
2026-01-23 01:27:26,942 - INFO - “—ªÒ»° 1000 ± ≥…Ωª£¨◊‹º∆ 108000 ± 
2026-01-23 01:27:30,056 - INFO - “—ªÒ»° 1000 ± ≥…Ωª£¨◊‹º∆ 109000 ± 
2026-01-23 01:27:32,957 - INFO - “—ªÒ»° 1000 ± ≥…Ωª£¨◊‹º∆ 110000 ± 
2026-01-23 01:27:36,341 - INFO - “—ªÒ»° 1000 ± ≥…Ωª£¨◊‹º∆ 111000 ± 
2026-01-23 01:27:41,294 - ERROR - ªÒ»° ˝æ› ß∞‹: HTTPSConnectionPool(host='fapi.binance.com', port=443): Max retries exceeded with url: /fapi/v1/aggTrades?symbol=BTCUSDT&startTime=1768535820555&endTime=1769126400000&limit=1000 (Caused by SSLError(SSLEOFError(8, '[SSL: UNEXPECTED_EOF_WHILE_READING] EOF occurred in violation of protocol (_ssl.c:1077)')))
2026-01-23 01:27:42,285 - INFO - ◊‹π≤ªÒ»° 111000 ± ¿˙ ∑≥…Ωª ˝æ›
2026-01-23 01:27:42,365 - INFO - º∆À„¿˙ ∑CVD£®¥∞ø⁄: 5min£©...
2026-01-23 01:27:42,501 - INFO - º∆À„ÕÍ≥…: 48 ∏ˆ ±º‰µ„
2026-01-23 01:27:42,502 - INFO - ºÏ≤‚æ®”„Ωª“◊£®√≈º˜: $1,000,000£©...
2026-01-23 01:27:42,508 - INFO - ºÏ≤‚µΩ 52 ± æ®”„Ωª“◊
2026-01-23 01:27:44,026 - INFO - \u2705 ‘≠ º≥…Ωª ˝æ›“—±£¥Ê: ./historical_data/trades_2026-01-16_2026-01-23.csv
2026-01-23 01:27:44,027 - INFO -    Œƒº˛¥Û–°: 3.42 MB

Êî∂ÈõÜÊó∂Èó¥ËåÉÂõ¥: 2026-01-16 Ëá≥ 2026-01-23
È¢ÑËÆ°Êï∞ÊçÆÈáè: Á∫¶ 168 Â∞èÊó∂ = 168‰∏™5ÂàÜÈíüCVDÊï∞ÊçÆÁÇπ
È¢ÑËÆ°Êàê‰∫§Êï∞ÊçÆ: Á∫¶ 604800 Á¨îÔºà‰º∞ÁÆóÔºâ
ÂºÄÂßãÊî∂ÈõÜ...

Traceback (most recent call last):
  File "C:\Users\Martin\AppData\Local\Python\pythoncore-3.14-64\Lib\site-packages\pandas\core\indexes\base.py", line 3812, in get_loc
    return self._engine.get_loc(casted_key)
           ~~~~~~~~~~~~~~~~~~~~^^^^^^^^^^^^
  File "pandas/_libs/index.pyx", line 167, in pandas._libs.index.IndexEngine.get_loc
  File "pandas/_libs/index.pyx", line 196, in pandas._libs.index.IndexEngine.get_loc
  File "pandas/_libs/hashtable_class_helper.pxi", line 7088, in pandas._libs.hashtable.PyObjectHashTable.get_item
  File "pandas/_libs/hashtable_class_helper.pxi", line 7096, in pandas._libs.hashtable.PyObjectHashTable.get_item
KeyError: 'time'

The above exception was the direct cause of the following exception:

Traceback (most recent call last):
  File "D:\ª˙∆˜»À\btc_4hour_alert\collect_orderflow_history.py", line 243, in <module>
    data = collector.collect_period(
        start_date=start_date.strftime('%Y-%m-%d'),
        end_date=end_date.strftime('%Y-%m-%d')
    )
  File "D:\ª˙∆˜»À\btc_4hour_alert\collect_orderflow_history.py", line 203, in collect_period
    logger.info(f"    ±º‰∑∂Œß: {trades_df['time'].min()} ÷¡ {trades_df['time'].max()}")
                                ~~~~~~~~~^^^^^^^^
  File "C:\Users\Martin\AppData\Local\Python\pythoncore-3.14-64\Lib\site-packages\pandas\core\frame.py", line 4113, in __getitem__
    indexer = self.columns.get_loc(key)
  File "C:\Users\Martin\AppData\Local\Python\pythoncore-3.14-64\Lib\site-packages\pandas\core\indexes\base.py", line 3819, in get_loc
    raise KeyError(key) from err
KeyError: 'time'
